01/25/2024 02:06:14 PM - LoginPage - INFO: Element Found with locator: //a[@href='/login'] locatorType: xpath
01/25/2024 02:06:15 PM - LoginPage - INFO: Clicked on element with locator: //a[@href='/login'] locatorType: xpath
01/25/2024 02:06:15 PM - LoginPage - INFO: Element Found with locator: email locatorType: id
01/25/2024 02:06:15 PM - LoginPage - INFO: Sent data on element with locator: email locatorType: id
01/25/2024 02:06:15 PM - LoginPage - INFO: Element Found with locator: login-password locatorType: id
01/25/2024 02:06:15 PM - LoginPage - INFO: Sent data on element with locator: login-password locatorType: id
01/25/2024 02:06:15 PM - LoginPage - INFO: Element Found with locator: login locatorType: id
01/25/2024 02:06:15 PM - LoginPage - INFO: Clicked on element with locator: login locatorType: id
01/25/2024 02:09:25 PM - LoginPage - INFO: Element Found with locator: //a[@href='/login'] locatorType: xpath
01/25/2024 02:09:26 PM - LoginPage - INFO: Clicked on element with locator: //a[@href='/login'] locatorType: xpath
01/25/2024 02:09:26 PM - LoginPage - INFO: Element Found with locator: email locatorType: id
01/25/2024 02:09:26 PM - LoginPage - INFO: Sent data on element with locator: email locatorType: id
01/25/2024 02:09:26 PM - LoginPage - INFO: Element Found with locator: login-password locatorType: id
01/25/2024 02:09:26 PM - LoginPage - INFO: Sent data on element with locator: login-password locatorType: id
01/25/2024 02:09:26 PM - LoginPage - INFO: Element Found with locator: login locatorType: id
01/25/2024 02:09:26 PM - LoginPage - INFO: Clicked on element with locator: login locatorType: id
01/25/2024 02:09:26 PM - LoginPage - INFO: Element not found with locator: //div[@id='navbar-inverse-collapse']//span[contains(text(),'My Account')] locatorType: xpath
01/25/2024 02:12:16 PM - LoginPage - INFO: Element Found with locator: //a[@href='/login'] locatorType: xpath
01/25/2024 02:12:16 PM - LoginPage - INFO: Clicked on element with locator: //a[@href='/login'] locatorType: xpath
01/25/2024 02:12:16 PM - LoginPage - INFO: Element Found with locator: email locatorType: id
01/25/2024 02:12:16 PM - LoginPage - INFO: Sent data on element with locator: email locatorType: id
01/25/2024 02:12:16 PM - LoginPage - INFO: Element Found with locator: login-password locatorType: id
01/25/2024 02:12:16 PM - LoginPage - INFO: Sent data on element with locator: login-password locatorType: id
01/25/2024 02:12:16 PM - LoginPage - INFO: Element Found with locator: login locatorType: id
01/25/2024 02:12:17 PM - LoginPage - INFO: Clicked on element with locator: login locatorType: id
01/25/2024 02:12:17 PM - LoginPage - INFO: Element not found with locator: //div[@id='navbar-inverse-collapse']//span[contains(text(),'My Account')] locatorType: xpath
01/25/2024 02:15:51 PM - LoginPage - INFO: Element Found with locator: //a[@href='/login'] locatorType: xpath
01/25/2024 02:15:51 PM - LoginPage - INFO: Clicked on element with locator: //a[@href='/login'] locatorType: xpath
01/25/2024 02:15:51 PM - LoginPage - INFO: Element Found with locator: email locatorType: id
01/25/2024 02:15:51 PM - LoginPage - INFO: Sent data on element with locator: email locatorType: id
01/25/2024 02:15:51 PM - LoginPage - INFO: Element Found with locator: login-password locatorType: id
01/25/2024 02:15:51 PM - LoginPage - INFO: Sent data on element with locator: login-password locatorType: id
01/25/2024 02:15:51 PM - LoginPage - INFO: Element Found with locator: login locatorType: id
01/25/2024 02:15:52 PM - LoginPage - INFO: Clicked on element with locator: login locatorType: id
01/25/2024 02:15:53 PM - LoginPage - INFO: Element Found with locator: //div[@id='navbar-inverse-collapse']//span[contains(text(),'My Account')] locatorType: xpath
01/25/2024 02:15:53 PM - LoginPage - INFO: Element Found with locator: //div[@id='navbar-inverse-collapse']//span[contains(text(),'My Account')] locatorType: xpath
01/25/2024 02:16:11 PM - LoginPage - INFO: Element Found with locator: //a[@href='/login'] locatorType: xpath
01/25/2024 02:16:12 PM - LoginPage - INFO: Clicked on element with locator: //a[@href='/login'] locatorType: xpath
01/25/2024 02:16:12 PM - LoginPage - INFO: Element Found with locator: email locatorType: id
01/25/2024 02:16:12 PM - LoginPage - INFO: Sent data on element with locator: email locatorType: id
01/25/2024 02:16:12 PM - LoginPage - INFO: Element Found with locator: login-password locatorType: id
01/25/2024 02:16:12 PM - LoginPage - INFO: Sent data on element with locator: login-password locatorType: id
01/25/2024 02:16:12 PM - LoginPage - INFO: Element Found with locator: login locatorType: id
01/25/2024 02:16:12 PM - LoginPage - INFO: Clicked on element with locator: login locatorType: id
01/25/2024 02:16:13 PM - LoginPage - INFO: Element Found with locator: //div[@id='navbar-inverse-collapse']//span[contains(text(),'My Account')] locatorType: xpath
01/25/2024 02:16:13 PM - LoginPage - INFO: Element Found with locator: //div[@id='navbar-inverse-collapse']//span[contains(text(),'My Account')] locatorType: xpath
01/25/2024 02:30:26 PM - LoginPage - INFO: Element Found with locator: //a[@href='/login'] locatorType: xpath
01/25/2024 02:30:27 PM - LoginPage - INFO: Clicked on element with locator: //a[@href='/login'] locatorType: xpath
01/25/2024 02:30:27 PM - LoginPage - INFO: Element Found with locator: email locatorType: id
01/25/2024 02:30:27 PM - LoginPage - INFO: Sent data on element with locator: email locatorType: id
01/25/2024 02:30:27 PM - LoginPage - INFO: Element Found with locator: login-password locatorType: id
01/25/2024 02:30:27 PM - LoginPage - INFO: Sent data on element with locator: login-password locatorType: id
01/25/2024 02:30:27 PM - LoginPage - INFO: Element Found with locator: login locatorType: id
01/25/2024 02:30:27 PM - LoginPage - INFO: Clicked on element with locator: login locatorType: id
01/25/2024 02:30:28 PM - LoginPage - INFO: Element Found with locator: //div[@id='navbar-inverse-collapse']//span[contains(text(),'My Account')] locatorType: xpath
01/25/2024 02:30:28 PM - LoginPage - INFO: Element Found with locator: //div[@id='navbar-inverse-collapse']//span[contains(text(),'My Account')] locatorType: xpath
01/25/2024 02:31:04 PM - LoginPage - INFO: Element not found with locator: //a[@href='/login'] locatorType: xpath
01/25/2024 02:31:04 PM - LoginPage - INFO: Cannot click on the element with locator: //a[@href='/login'] locatorType: xpath
01/25/2024 02:31:20 PM - LoginPage - INFO: Element not found with locator: email locatorType: id
01/25/2024 02:31:20 PM - LoginPage - INFO: Cannot send data on the element with locator: email locatorType: id
01/25/2024 02:31:36 PM - LoginPage - INFO: Element not found with locator: login-password locatorType: id
01/25/2024 02:31:36 PM - LoginPage - INFO: Cannot send data on the element with locator: login-password locatorType: id
01/25/2024 02:31:41 PM - LoginPage - INFO: Element not found with locator: login locatorType: id
01/25/2024 02:31:41 PM - LoginPage - INFO: Cannot click on the element with locator: login locatorType: id
01/25/2024 02:31:43 PM - LoginPage - INFO: Element not found with locator: //div[@id='navbar-inverse-collapse']//span[contains(text(),'My Account')] locatorType: xpath
01/25/2024 02:31:43 PM - LoginPage - INFO: Element not found with locator: //div[@id='navbar-inverse-collapse']//span[contains(text(),'My Account')] locatorType: xpath
01/25/2024 02:37:51 PM - LoginPage - INFO: Element Found with locator: //a[@href='/login'] locatorType: xpath
01/25/2024 02:37:52 PM - LoginPage - INFO: Clicked on element with locator: //a[@href='/login'] locatorType: xpath
01/25/2024 02:37:52 PM - LoginPage - INFO: Element Found with locator: email locatorType: id
01/25/2024 02:37:52 PM - LoginPage - INFO: Sent data on element with locator: email locatorType: id
01/25/2024 02:37:52 PM - LoginPage - INFO: Element Found with locator: login-password locatorType: id
01/25/2024 02:37:52 PM - LoginPage - INFO: Sent data on element with locator: login-password locatorType: id
01/25/2024 02:37:52 PM - LoginPage - INFO: Element Found with locator: login locatorType: id
01/25/2024 02:37:52 PM - LoginPage - INFO: Clicked on element with locator: login locatorType: id
01/25/2024 02:37:53 PM - LoginPage - INFO: Element Found with locator: //div[@id='navbar-inverse-collapse']//span[contains(text(),'My Account')] locatorType: xpath
01/25/2024 02:37:53 PM - LoginPage - INFO: Element Found with locator: //div[@id='navbar-inverse-collapse']//span[contains(text(),'My Account')] locatorType: xpath
01/25/2024 02:38:25 PM - LoginPage - INFO: Element not found with locator: //a[@href='/login'] locatorType: xpath
01/25/2024 02:38:25 PM - LoginPage - INFO: Cannot click on the element with locator: //a[@href='/login'] locatorType: xpath
01/25/2024 02:38:27 PM - LoginPage - INFO: Element not found with locator: email locatorType: id
01/25/2024 02:38:27 PM - LoginPage - INFO: Cannot send data on the element with locator: email locatorType: id
01/25/2024 02:38:43 PM - LoginPage - INFO: Element not found with locator: login-password locatorType: id
01/25/2024 02:38:43 PM - LoginPage - INFO: Cannot send data on the element with locator: login-password locatorType: id
01/25/2024 02:39:00 PM - LoginPage - INFO: Element not found with locator: login locatorType: id
01/25/2024 02:39:00 PM - LoginPage - INFO: Cannot click on the element with locator: login locatorType: id
01/25/2024 02:39:16 PM - LoginPage - INFO: Element not found with locator: //div[@id='navbar-inverse-collapse']//span[contains(text(),'My Account')] locatorType: xpath
01/25/2024 02:39:16 PM - LoginPage - INFO: Element not found with locator: //div[@id='navbar-inverse-collapse']//span[contains(text(),'My Account')] locatorType: xpath
01/25/2024 02:40:04 PM - LoginPage - INFO: Element Found with locator: //a[@href='/login'] locatorType: xpath
01/25/2024 02:40:05 PM - LoginPage - INFO: Clicked on element with locator: //a[@href='/login'] locatorType: xpath
01/25/2024 02:40:05 PM - LoginPage - INFO: Element Found with locator: email locatorType: id
01/25/2024 02:40:05 PM - LoginPage - INFO: Sent data on element with locator: email locatorType: id
01/25/2024 02:40:05 PM - LoginPage - INFO: Element Found with locator: login-password locatorType: id
01/25/2024 02:40:05 PM - LoginPage - INFO: Sent data on element with locator: login-password locatorType: id
01/25/2024 02:40:05 PM - LoginPage - INFO: Element Found with locator: login locatorType: id
01/25/2024 02:40:05 PM - LoginPage - INFO: Clicked on element with locator: login locatorType: id
01/25/2024 02:40:09 PM - LoginPage - INFO: Element not found with locator: //div[@id='navbar-inverse-collapse']//span[contains(text(),'My Account')] locatorType: xpath
01/25/2024 02:40:09 PM - LoginPage - INFO: Element not found with locator: //div[@id='navbar-inverse-collapse']//span[contains(text(),'My Account')] locatorType: xpath
01/25/2024 02:41:56 PM - LoginPage - INFO: Element Found with locator: //a[@href='/login'] locatorType: xpath
01/25/2024 02:41:57 PM - LoginPage - INFO: Clicked on element with locator: //a[@href='/login'] locatorType: xpath
01/25/2024 02:41:57 PM - LoginPage - INFO: Element Found with locator: email locatorType: id
01/25/2024 02:41:57 PM - LoginPage - INFO: Sent data on element with locator: email locatorType: id
01/25/2024 02:41:57 PM - LoginPage - INFO: Element Found with locator: login-password locatorType: id
01/25/2024 02:41:57 PM - LoginPage - INFO: Sent data on element with locator: login-password locatorType: id
01/25/2024 02:41:57 PM - LoginPage - INFO: Element Found with locator: login locatorType: id
01/25/2024 02:41:57 PM - LoginPage - INFO: Clicked on element with locator: login locatorType: id
01/25/2024 02:41:59 PM - LoginPage - INFO: Element Found with locator: //div[@id='navbar-inverse-collapse']//span[contains(text(),'My Account')] locatorType: xpath
01/25/2024 02:41:59 PM - LoginPage - INFO: Element Found with locator: //div[@id='navbar-inverse-collapse']//span[contains(text(),'My Account')] locatorType: xpath
01/25/2024 02:42:34 PM - LoginPage - INFO: Element not found with locator: //a[@href='/login'] locatorType: xpath
01/25/2024 02:42:34 PM - LoginPage - INFO: Cannot click on the element with locator: //a[@href='/login'] locatorType: xpath
01/25/2024 02:42:51 PM - LoginPage - INFO: Element not found with locator: email locatorType: id
01/25/2024 02:42:51 PM - LoginPage - INFO: Cannot send data on the element with locator: email locatorType: id
01/25/2024 02:43:07 PM - LoginPage - INFO: Element not found with locator: login-password locatorType: id
01/25/2024 02:43:07 PM - LoginPage - INFO: Cannot send data on the element with locator: login-password locatorType: id
01/25/2024 02:43:23 PM - LoginPage - INFO: Element not found with locator: login locatorType: id
01/25/2024 02:43:23 PM - LoginPage - INFO: Cannot click on the element with locator: login locatorType: id
01/25/2024 02:43:40 PM - LoginPage - INFO: Element not found with locator: //div[@id='navbar-inverse-collapse']//span[contains(text(),'My Account')] locatorType: xpath
01/25/2024 02:43:40 PM - LoginPage - INFO: Element not found with locator: //div[@id='navbar-inverse-collapse']//span[contains(text(),'My Account')] locatorType: xpath
01/25/2024 02:44:17 PM - LoginPage - INFO: Element Found with locator: //a[@href='/login'] locatorType: xpath
01/25/2024 02:44:17 PM - LoginPage - INFO: Clicked on element with locator: //a[@href='/login'] locatorType: xpath
01/25/2024 02:44:17 PM - LoginPage - INFO: Element Found with locator: email locatorType: id
01/25/2024 02:44:18 PM - LoginPage - INFO: Element Found with locator: login-password locatorType: id
01/25/2024 02:44:18 PM - LoginPage - INFO: Element Found with locator: email locatorType: id
01/25/2024 02:44:18 PM - LoginPage - INFO: Sent data on element with locator: email locatorType: id
01/25/2024 02:44:18 PM - LoginPage - INFO: Element Found with locator: login-password locatorType: id
01/25/2024 02:44:18 PM - LoginPage - INFO: Sent data on element with locator: login-password locatorType: id
01/25/2024 02:44:21 PM - LoginPage - INFO: Element Found with locator: login locatorType: id
01/25/2024 02:44:21 PM - LoginPage - INFO: Clicked on element with locator: login locatorType: id
01/25/2024 02:44:22 PM - LoginPage - INFO: Element Found with locator: //div[@id='navbar-inverse-collapse']//span[contains(text(),'My Account')] locatorType: xpath
01/25/2024 02:44:22 PM - LoginPage - INFO: Element Found with locator: //div[@id='navbar-inverse-collapse']//span[contains(text(),'My Account')] locatorType: xpath
01/25/2024 02:44:58 PM - LoginPage - INFO: Element not found with locator: //a[@href='/login'] locatorType: xpath
01/25/2024 02:44:58 PM - LoginPage - INFO: Cannot click on the element with locator: //a[@href='/login'] locatorType: xpath
01/25/2024 02:45:14 PM - LoginPage - INFO: Element not found with locator: email locatorType: id
01/25/2024 02:47:17 PM - LoginPage - INFO: Element Found with locator: //a[@href='/login'] locatorType: xpath
01/25/2024 02:47:19 PM - LoginPage - INFO: Clicked on element with locator: //a[@href='/login'] locatorType: xpath
01/25/2024 02:47:19 PM - LoginPage - INFO: Element Found with locator: email locatorType: id
01/25/2024 02:47:19 PM - LoginPage - INFO: Element Found with locator: login-password locatorType: id
01/25/2024 02:47:19 PM - LoginPage - INFO: Element Found with locator: email locatorType: id
01/25/2024 02:47:19 PM - LoginPage - INFO: Sent data on element with locator: email locatorType: id
01/25/2024 02:47:19 PM - LoginPage - INFO: Element Found with locator: login-password locatorType: id
01/25/2024 02:47:19 PM - LoginPage - INFO: Sent data on element with locator: login-password locatorType: id
01/25/2024 02:47:22 PM - LoginPage - INFO: Element Found with locator: login locatorType: id
01/25/2024 02:47:22 PM - LoginPage - INFO: Clicked on element with locator: login locatorType: id
01/25/2024 02:47:23 PM - LoginPage - INFO: Element Found with locator: //div[@id='navbar-inverse-collapse']//span[contains(text(),'My Account')] locatorType: xpath
01/25/2024 02:47:23 PM - LoginPage - INFO: Element Found with locator: //div[@id='navbar-inverse-collapse']//span[contains(text(),'My Account')] locatorType: xpath
01/25/2024 02:53:02 PM - LoginPage - INFO: Element found with locator: //a[@href='/login'] and  locatorType: xpath
01/25/2024 02:53:03 PM - LoginPage - INFO: Clicked on element with locator: //a[@href='/login'] locatorType: xpath
01/25/2024 02:53:03 PM - LoginPage - INFO: Element found with locator: email and  locatorType: id
01/25/2024 02:53:03 PM - LoginPage - INFO: Element found with locator: login-password and  locatorType: id
01/25/2024 02:54:45 PM - LoginPage - INFO: Element found with locator: //a[@href='/login'] and  locatorType: xpath
01/25/2024 02:54:46 PM - LoginPage - INFO: Clicked on element with locator: //a[@href='/login'] locatorType: xpath
01/25/2024 02:54:46 PM - LoginPage - INFO: Element found with locator: email and  locatorType: id
01/25/2024 02:54:46 PM - LoginPage - INFO: Element found with locator: login-password and  locatorType: id
01/25/2024 02:55:35 PM - LoginPage - INFO: Element found with locator: //a[@href='/login'] and  locatorType: xpath
01/25/2024 02:55:37 PM - LoginPage - INFO: Clicked on element with locator: //a[@href='/login'] locatorType: xpath
01/25/2024 02:55:37 PM - LoginPage - INFO: Element found with locator: email and  locatorType: id
01/25/2024 02:55:37 PM - LoginPage - INFO: Element found with locator: login-password and  locatorType: id
01/25/2024 02:55:37 PM - LoginPage - INFO: Element found with locator: email and  locatorType: id
01/25/2024 02:55:37 PM - LoginPage - INFO: Sent data on element with locator: email locatorType: id
01/25/2024 02:55:37 PM - LoginPage - INFO: Element found with locator: login-password and  locatorType: id
01/25/2024 02:55:37 PM - LoginPage - INFO: Sent data on element with locator: login-password locatorType: id
01/25/2024 02:55:37 PM - LoginPage - INFO: Element found with locator: login and  locatorType: id
01/25/2024 02:55:37 PM - LoginPage - INFO: Clicked on element with locator: login locatorType: id
01/25/2024 02:55:38 PM - LoginPage - INFO: Element found with locator: //div[@id='navbar-inverse-collapse']//span[contains(text(),'My Account')] and  locatorType: xpath
01/25/2024 02:55:38 PM - LoginPage - INFO: Element Found
01/25/2024 03:09:33 PM - LoginPage - INFO: Element found with locator: //a[@href='/login'] and  locatorType: xpath
01/25/2024 03:09:34 PM - LoginPage - INFO: Clicked on element with locator: //a[@href='/login'] locatorType: xpath
01/25/2024 03:09:34 PM - LoginPage - INFO: Element found with locator: email and  locatorType: id
01/25/2024 03:09:34 PM - LoginPage - INFO: Element found with locator: login-password and  locatorType: id
01/25/2024 03:09:34 PM - LoginPage - INFO: Element found with locator: email and  locatorType: id
01/25/2024 03:09:34 PM - LoginPage - INFO: Sent data on element with locator: email locatorType: id
01/25/2024 03:09:34 PM - LoginPage - INFO: Element found with locator: login-password and  locatorType: id
01/25/2024 03:09:34 PM - LoginPage - INFO: Sent data on element with locator: login-password locatorType: id
01/25/2024 03:09:34 PM - LoginPage - INFO: Element found with locator: login and  locatorType: id
01/25/2024 03:09:34 PM - LoginPage - INFO: Clicked on element with locator: login locatorType: id
01/25/2024 03:09:35 PM - LoginPage - INFO: Element found with locator: //*[@id='navbar-inverse-collapse']//span[text()='My Account'] and  locatorType: xpath
01/25/2024 03:09:35 PM - LoginPage - INFO: Element Found
01/25/2024 03:14:04 PM - LoginPage - INFO: Element found with locator: //a[@href='/login'] and  locatorType: xpath
01/25/2024 03:14:05 PM - LoginPage - INFO: Clicked on element with locator: //a[@href='/login'] locatorType: xpath
01/25/2024 03:14:05 PM - LoginPage - INFO: Element found with locator: email and  locatorType: id
01/25/2024 03:14:05 PM - LoginPage - INFO: Element found with locator: login-password and  locatorType: id
01/25/2024 03:14:05 PM - LoginPage - INFO: Element found with locator: email and  locatorType: id
01/25/2024 03:14:05 PM - LoginPage - INFO: Sent data on element with locator: email locatorType: id
01/25/2024 03:14:05 PM - LoginPage - INFO: Element found with locator: login-password and  locatorType: id
01/25/2024 03:14:05 PM - LoginPage - INFO: Sent data on element with locator: login-password locatorType: id
01/25/2024 03:14:05 PM - LoginPage - INFO: Element found with locator: login and  locatorType: id
01/25/2024 03:14:06 PM - LoginPage - INFO: Clicked on element with locator: login locatorType: id
01/25/2024 03:14:06 PM - LoginPage - INFO: Element found with locator: //span[contains(text(),'Incorrect login details. Please try again.')] and  locatorType: xpath
01/25/2024 03:14:06 PM - LoginPage - INFO: Element Found
01/25/2024 03:14:06 PM - LoginPage - INFO: Element not found with locator: //a[@href='/login'] and  locatorType: xpath
01/25/2024 03:14:06 PM - LoginPage - INFO: Cannot click on the element with locator: //a[@href='/login'] locatorType: xpath
01/25/2024 03:14:06 PM - LoginPage - INFO: Element found with locator: email and  locatorType: id
01/25/2024 03:14:06 PM - LoginPage - INFO: Element found with locator: login-password and  locatorType: id
01/25/2024 03:14:06 PM - LoginPage - INFO: Element found with locator: email and  locatorType: id
01/25/2024 03:14:06 PM - LoginPage - INFO: Sent data on element with locator: email locatorType: id
01/25/2024 03:14:06 PM - LoginPage - INFO: Element found with locator: login-password and  locatorType: id
01/25/2024 03:14:06 PM - LoginPage - INFO: Sent data on element with locator: login-password locatorType: id
01/25/2024 03:14:06 PM - LoginPage - INFO: Element found with locator: login and  locatorType: id
01/25/2024 03:14:06 PM - LoginPage - INFO: Cannot click on the element with locator: login locatorType: id
01/25/2024 03:14:10 PM - LoginPage - INFO: Element not found with locator: //*[@id='navbar-inverse-collapse']//span[text()='My Account'] and  locatorType: xpath
01/25/2024 03:14:10 PM - LoginPage - INFO: Element not found
01/25/2024 03:16:00 PM - LoginPage - INFO: Element found with locator: //a[@href='/login'] and  locatorType: xpath
01/25/2024 03:16:01 PM - LoginPage - INFO: Clicked on element with locator: //a[@href='/login'] locatorType: xpath
01/25/2024 03:16:01 PM - LoginPage - INFO: Element found with locator: email and  locatorType: id
01/25/2024 03:16:01 PM - LoginPage - INFO: Element found with locator: login-password and  locatorType: id
01/25/2024 03:16:01 PM - LoginPage - INFO: Element found with locator: email and  locatorType: id
01/25/2024 03:16:01 PM - LoginPage - INFO: Sent data on element with locator: email locatorType: id
01/25/2024 03:16:01 PM - LoginPage - INFO: Element found with locator: login-password and  locatorType: id
01/25/2024 03:16:01 PM - LoginPage - INFO: Sent data on element with locator: login-password locatorType: id
01/25/2024 03:16:01 PM - LoginPage - INFO: Element found with locator: login and  locatorType: id
01/25/2024 03:16:01 PM - LoginPage - INFO: Clicked on element with locator: login locatorType: id
01/25/2024 03:16:01 PM - LoginPage - INFO: Element found with locator: //span[contains(text(),'Incorrect login details. Please try again.')] and  locatorType: xpath
01/25/2024 03:16:01 PM - LoginPage - INFO: Element Found
01/25/2024 03:16:02 PM - LoginPage - INFO: Element not found with locator: //a[@href='/login'] and  locatorType: xpath
01/25/2024 03:16:02 PM - LoginPage - INFO: Cannot click on the element with locator: //a[@href='/login'] locatorType: xpath
01/25/2024 03:16:02 PM - LoginPage - INFO: Element found with locator: email and  locatorType: id
01/25/2024 03:16:02 PM - LoginPage - INFO: Element found with locator: login-password and  locatorType: id
01/25/2024 03:16:02 PM - LoginPage - INFO: Element found with locator: email and  locatorType: id
01/25/2024 03:16:02 PM - LoginPage - INFO: Sent data on element with locator: email locatorType: id
01/25/2024 03:16:02 PM - LoginPage - INFO: Element found with locator: login-password and  locatorType: id
01/25/2024 03:16:02 PM - LoginPage - INFO: Sent data on element with locator: login-password locatorType: id
01/25/2024 03:16:02 PM - LoginPage - INFO: Element found with locator: login and  locatorType: id
01/25/2024 03:16:02 PM - LoginPage - INFO: Cannot click on the element with locator: login locatorType: id
01/25/2024 03:16:05 PM - LoginPage - INFO: Element not found with locator: //div[@id='navbar-inverse-collapse']//span[text()='My Account'] and  locatorType: xpath
01/25/2024 03:16:05 PM - LoginPage - INFO: Element not found
01/25/2024 03:17:57 PM - LoginPage - INFO: Element found with locator: //a[@href='/login'] and  locatorType: xpath
01/25/2024 03:17:58 PM - LoginPage - INFO: Clicked on element with locator: //a[@href='/login'] locatorType: xpath
01/25/2024 03:17:58 PM - LoginPage - INFO: Element found with locator: email and  locatorType: id
01/25/2024 03:17:58 PM - LoginPage - INFO: Element found with locator: login-password and  locatorType: id
01/25/2024 03:17:58 PM - LoginPage - INFO: Element found with locator: email and  locatorType: id
01/25/2024 03:17:58 PM - LoginPage - INFO: Sent data on element with locator: email locatorType: id
01/25/2024 03:17:58 PM - LoginPage - INFO: Element found with locator: login-password and  locatorType: id
01/25/2024 03:17:58 PM - LoginPage - INFO: Sent data on element with locator: login-password locatorType: id
01/25/2024 03:17:58 PM - LoginPage - INFO: Element found with locator: login and  locatorType: id
01/25/2024 03:17:59 PM - LoginPage - INFO: Clicked on element with locator: login locatorType: id
01/25/2024 03:17:59 PM - LoginPage - INFO: Element found with locator: //span[contains(text(),'Incorrect login details. Please try again.')] and  locatorType: xpath
01/25/2024 03:17:59 PM - LoginPage - INFO: Element Found
01/25/2024 03:17:59 PM - LoginPage - INFO: Element not found with locator: //a[@href='/login'] and  locatorType: xpath
01/25/2024 03:17:59 PM - LoginPage - INFO: Cannot click on the element with locator: //a[@href='/login'] locatorType: xpath
01/25/2024 03:17:59 PM - LoginPage - INFO: Element found with locator: email and  locatorType: id
01/25/2024 03:17:59 PM - LoginPage - INFO: Element found with locator: login-password and  locatorType: id
01/25/2024 03:17:59 PM - LoginPage - INFO: Element found with locator: email and  locatorType: id
01/25/2024 03:17:59 PM - LoginPage - INFO: Sent data on element with locator: email locatorType: id
01/25/2024 03:17:59 PM - LoginPage - INFO: Element found with locator: login-password and  locatorType: id
01/25/2024 03:17:59 PM - LoginPage - INFO: Sent data on element with locator: login-password locatorType: id
01/25/2024 03:17:59 PM - LoginPage - INFO: Element found with locator: login and  locatorType: id
01/25/2024 03:17:59 PM - LoginPage - INFO: Cannot click on the element with locator: login locatorType: id
01/25/2024 03:18:03 PM - LoginPage - INFO: Element not found with locator: //span[contains(text(), 'My Account')] and  locatorType: xpath
01/25/2024 03:18:03 PM - LoginPage - INFO: Element not found
01/25/2024 03:18:46 PM - LoginPage - INFO: Element found with locator: //a[@href='/login'] and  locatorType: xpath
01/25/2024 03:18:47 PM - LoginPage - INFO: Clicked on element with locator: //a[@href='/login'] locatorType: xpath
01/25/2024 03:18:47 PM - LoginPage - INFO: Element found with locator: email and  locatorType: id
01/25/2024 03:18:47 PM - LoginPage - INFO: Sent data on element with locator: email locatorType: id
01/25/2024 03:18:47 PM - LoginPage - INFO: Element found with locator: login-password and  locatorType: id
01/25/2024 03:18:47 PM - LoginPage - INFO: Sent data on element with locator: login-password locatorType: id
01/25/2024 03:18:47 PM - LoginPage - INFO: Element found with locator: login and  locatorType: id
01/25/2024 03:18:48 PM - LoginPage - INFO: Clicked on element with locator: login locatorType: id
01/25/2024 03:18:48 PM - LoginPage - INFO: Element found with locator: //span[contains(text(),'Incorrect login details. Please try again.')] and  locatorType: xpath
01/25/2024 03:18:48 PM - LoginPage - INFO: Element Found
01/25/2024 03:18:48 PM - LoginPage - INFO: Element not found with locator: //a[@href='/login'] and  locatorType: xpath
01/25/2024 03:18:48 PM - LoginPage - INFO: Cannot click on the element with locator: //a[@href='/login'] locatorType: xpath
01/25/2024 03:18:48 PM - LoginPage - INFO: Element found with locator: email and  locatorType: id
01/25/2024 03:18:48 PM - LoginPage - INFO: Sent data on element with locator: email locatorType: id
01/25/2024 03:18:48 PM - LoginPage - INFO: Element found with locator: login-password and  locatorType: id
01/25/2024 03:18:48 PM - LoginPage - INFO: Sent data on element with locator: login-password locatorType: id
01/25/2024 03:18:48 PM - LoginPage - INFO: Element found with locator: login and  locatorType: id
01/25/2024 03:18:48 PM - LoginPage - INFO: Cannot click on the element with locator: login locatorType: id
01/25/2024 03:18:52 PM - LoginPage - INFO: Element not found with locator: //span[contains(text(), 'My Account')] and  locatorType: xpath
01/25/2024 03:18:52 PM - LoginPage - INFO: Element not found
01/25/2024 03:22:11 PM - LoginPage - INFO: Element found with locator: //a[@href='/login'] and  locatorType: xpath
01/25/2024 03:22:12 PM - LoginPage - INFO: Clicked on element with locator: //a[@href='/login'] locatorType: xpath
01/25/2024 03:22:12 PM - LoginPage - INFO: Element found with locator: email and  locatorType: id
01/25/2024 03:22:12 PM - LoginPage - INFO: Element found with locator: login-password and  locatorType: id
01/25/2024 03:22:12 PM - LoginPage - INFO: Element found with locator: email and  locatorType: id
01/25/2024 03:22:12 PM - LoginPage - INFO: Sent data on element with locator: email locatorType: id
01/25/2024 03:22:12 PM - LoginPage - INFO: Element found with locator: login-password and  locatorType: id
01/25/2024 03:22:13 PM - LoginPage - INFO: Sent data on element with locator: login-password locatorType: id
01/25/2024 03:22:15 PM - LoginPage - INFO: Element found with locator: login and  locatorType: id
01/25/2024 03:22:15 PM - LoginPage - INFO: Clicked on element with locator: login locatorType: id
01/25/2024 03:22:15 PM - LoginPage - INFO: Element found with locator: //span[contains(text(),'Incorrect login details. Please try again.')] and  locatorType: xpath
01/25/2024 03:22:15 PM - LoginPage - INFO: Element Found
01/25/2024 03:22:15 PM - LoginPage - INFO: Element found with locator: //a[@href='/login'] and  locatorType: xpath
01/25/2024 03:22:15 PM - LoginPage - INFO: Cannot click on the element with locator: //a[@href='/login'] locatorType: xpath
01/25/2024 03:22:15 PM - LoginPage - INFO: Element found with locator: email and  locatorType: id
01/25/2024 03:22:15 PM - LoginPage - INFO: Element found with locator: login-password and  locatorType: id
01/25/2024 03:22:15 PM - LoginPage - INFO: Element found with locator: email and  locatorType: id
01/25/2024 03:22:15 PM - LoginPage - INFO: Sent data on element with locator: email locatorType: id
01/25/2024 03:22:15 PM - LoginPage - INFO: Element found with locator: login-password and  locatorType: id
01/25/2024 03:22:15 PM - LoginPage - INFO: Sent data on element with locator: login-password locatorType: id
01/25/2024 03:22:17 PM - LoginPage - INFO: Element found with locator: login and  locatorType: id
01/25/2024 03:22:17 PM - LoginPage - INFO: Clicked on element with locator: login locatorType: id
01/25/2024 03:22:20 PM - LoginPage - INFO: Element not found with locator: //span[contains(text(), 'My Account')] and  locatorType: xpath
01/25/2024 03:22:20 PM - LoginPage - INFO: Element not found
01/25/2024 03:23:02 PM - LoginPage - INFO: Element found with locator: //a[@href='/login'] and  locatorType: xpath
01/25/2024 03:23:04 PM - LoginPage - INFO: Clicked on element with locator: //a[@href='/login'] locatorType: xpath
01/25/2024 03:23:04 PM - LoginPage - INFO: Element found with locator: email and  locatorType: id
01/25/2024 03:23:04 PM - LoginPage - INFO: Element found with locator: login-password and  locatorType: id
01/25/2024 03:23:05 PM - LoginPage - INFO: Element found with locator: email and  locatorType: id
01/25/2024 03:23:05 PM - LoginPage - INFO: Sent data on element with locator: email locatorType: id
01/25/2024 03:23:05 PM - LoginPage - INFO: Element found with locator: login-password and  locatorType: id
01/25/2024 03:23:05 PM - LoginPage - INFO: Sent data on element with locator: login-password locatorType: id
01/25/2024 03:23:07 PM - LoginPage - INFO: Element found with locator: login and  locatorType: id
01/25/2024 03:23:07 PM - LoginPage - INFO: Clicked on element with locator: login locatorType: id
01/25/2024 03:23:07 PM - LoginPage - INFO: Element found with locator: //span[contains(text(),'Incorrect login details. Please try again.')] and  locatorType: xpath
01/25/2024 03:23:07 PM - LoginPage - INFO: Element Found
01/25/2024 03:23:07 PM - LoginPage - INFO: Element not found with locator: //a[@href='/login'] and  locatorType: xpath
01/25/2024 03:23:07 PM - LoginPage - INFO: Cannot click on the element with locator: //a[@href='/login'] locatorType: xpath
01/25/2024 03:23:07 PM - LoginPage - INFO: Element found with locator: email and  locatorType: id
01/25/2024 03:23:07 PM - LoginPage - INFO: Element found with locator: login-password and  locatorType: id
01/25/2024 03:23:07 PM - LoginPage - INFO: Element found with locator: email and  locatorType: id
01/25/2024 03:23:07 PM - LoginPage - INFO: Sent data on element with locator: email locatorType: id
01/25/2024 03:23:07 PM - LoginPage - INFO: Element found with locator: login-password and  locatorType: id
01/25/2024 03:23:07 PM - LoginPage - INFO: Sent data on element with locator: login-password locatorType: id
01/25/2024 03:23:12 PM - LoginPage - INFO: Element not found with locator: login and  locatorType: id
01/25/2024 03:23:12 PM - LoginPage - INFO: Cannot click on the element with locator: login locatorType: id
01/25/2024 03:23:15 PM - LoginPage - INFO: Element not found with locator: //span[contains(text(), 'My Account')] and  locatorType: xpath
01/25/2024 03:23:15 PM - LoginPage - INFO: Element not found
01/25/2024 03:24:01 PM - LoginPage - INFO: Element found with locator: //a[@href='/login'] and  locatorType: xpath
01/25/2024 03:24:02 PM - LoginPage - INFO: Clicked on element with locator: //a[@href='/login'] locatorType: xpath
01/25/2024 03:24:02 PM - LoginPage - INFO: Element found with locator: email and  locatorType: id
01/25/2024 03:24:02 PM - LoginPage - INFO: Element found with locator: login-password and  locatorType: id
01/25/2024 03:24:02 PM - LoginPage - INFO: Element found with locator: email and  locatorType: id
01/25/2024 03:24:02 PM - LoginPage - INFO: Sent data on element with locator: email locatorType: id
01/25/2024 03:24:02 PM - LoginPage - INFO: Element found with locator: login-password and  locatorType: id
01/25/2024 03:24:02 PM - LoginPage - INFO: Sent data on element with locator: login-password locatorType: id
01/25/2024 03:24:04 PM - LoginPage - INFO: Element found with locator: login and  locatorType: id
01/25/2024 03:24:05 PM - LoginPage - INFO: Clicked on element with locator: login locatorType: id
01/25/2024 03:24:05 PM - LoginPage - INFO: Element found with locator: //span[contains(text(),'Incorrect login details. Please try again.')] and  locatorType: xpath
01/25/2024 03:24:05 PM - LoginPage - INFO: Element Found
01/25/2024 03:24:07 PM - LoginPage - INFO: Element found with locator: //a[@href='/login'] and  locatorType: xpath
01/25/2024 03:24:08 PM - LoginPage - INFO: Clicked on element with locator: //a[@href='/login'] locatorType: xpath
01/25/2024 03:24:08 PM - LoginPage - INFO: Element found with locator: email and  locatorType: id
01/25/2024 03:24:08 PM - LoginPage - INFO: Element found with locator: login-password and  locatorType: id
01/25/2024 03:24:08 PM - LoginPage - INFO: Element found with locator: email and  locatorType: id
01/25/2024 03:24:08 PM - LoginPage - INFO: Sent data on element with locator: email locatorType: id
01/25/2024 03:24:08 PM - LoginPage - INFO: Element found with locator: login-password and  locatorType: id
01/25/2024 03:24:08 PM - LoginPage - INFO: Sent data on element with locator: login-password locatorType: id
01/25/2024 03:24:10 PM - LoginPage - INFO: Element found with locator: login and  locatorType: id
01/25/2024 03:24:10 PM - LoginPage - INFO: Clicked on element with locator: login locatorType: id
01/25/2024 03:24:11 PM - LoginPage - INFO: Element found with locator: //span[contains(text(), 'My Account')] and  locatorType: xpath
01/25/2024 03:24:11 PM - LoginPage - INFO: Element Found
01/25/2024 03:56:03 PM - LoginPage - INFO: Element found with locator: //a[@href='/login'] and  locatorType: xpath
01/25/2024 03:56:06 PM - LoginPage - INFO: Clicked on element with locator: //a[@href='/login'] locatorType: xpath
01/25/2024 03:56:06 PM - LoginPage - INFO: Element found with locator: email and  locatorType: id
01/25/2024 03:56:06 PM - LoginPage - INFO: Element found with locator: login-password and  locatorType: id
01/25/2024 03:56:06 PM - LoginPage - INFO: Element found with locator: email and  locatorType: id
01/25/2024 03:56:06 PM - LoginPage - INFO: Sent data on element with locator: email locatorType: id
01/25/2024 03:56:06 PM - LoginPage - INFO: Element found with locator: login-password and  locatorType: id
01/25/2024 03:56:06 PM - LoginPage - INFO: Sent data on element with locator: login-password locatorType: id
01/25/2024 03:56:08 PM - LoginPage - INFO: Element found with locator: login and  locatorType: id
01/25/2024 03:56:08 PM - LoginPage - INFO: Clicked on element with locator: login locatorType: id
01/25/2024 03:56:08 PM - LoginPage - INFO: Element found with locator: //span[contains(text(),'Incorrect login details. Please try again.')] and  locatorType: xpath
01/25/2024 03:56:08 PM - LoginPage - INFO: Element Found
01/25/2024 03:56:10 PM - LoginPage - INFO: Element found with locator: //a[@href='/login'] and  locatorType: xpath
01/25/2024 03:56:11 PM - LoginPage - INFO: Cannot click on the element with locator: //a[@href='/login'] locatorType: xpath
01/25/2024 03:56:11 PM - LoginPage - INFO: Element found with locator: email and  locatorType: id
01/25/2024 03:56:11 PM - LoginPage - INFO: Element found with locator: login-password and  locatorType: id
01/25/2024 03:56:11 PM - LoginPage - INFO: Element found with locator: email and  locatorType: id
01/25/2024 03:56:11 PM - LoginPage - INFO: Sent data on element with locator: email locatorType: id
01/25/2024 03:56:11 PM - LoginPage - INFO: Element found with locator: login-password and  locatorType: id
01/25/2024 03:56:11 PM - LoginPage - INFO: Sent data on element with locator: login-password locatorType: id
01/25/2024 03:56:13 PM - LoginPage - INFO: Element found with locator: login and  locatorType: id
01/25/2024 03:56:15 PM - LoginPage - INFO: Cannot click on the element with locator: login locatorType: id
01/25/2024 03:56:15 PM - LoginPage - INFO: Element not found with locator: //span[contains(text(), 'My Account')] and  locatorType: xpath
01/25/2024 03:56:15 PM - LoginPage - INFO: Element not found
01/25/2024 03:57:36 PM - LoginPage - INFO: Element found with locator: //a[@href='/login'] and  locatorType: xpath
01/25/2024 03:57:37 PM - LoginPage - INFO: Clicked on element with locator: //a[@href='/login'] locatorType: xpath
01/25/2024 03:57:37 PM - LoginPage - INFO: Element found with locator: email and  locatorType: id
01/25/2024 03:57:37 PM - LoginPage - INFO: Element found with locator: login-password and  locatorType: id
01/25/2024 03:57:37 PM - LoginPage - INFO: Element found with locator: email and  locatorType: id
01/25/2024 03:57:37 PM - LoginPage - INFO: Sent data on element with locator: email locatorType: id
01/25/2024 03:57:37 PM - LoginPage - INFO: Element found with locator: login-password and  locatorType: id
01/25/2024 03:57:37 PM - LoginPage - INFO: Sent data on element with locator: login-password locatorType: id
01/25/2024 03:57:40 PM - LoginPage - INFO: Element found with locator: login and  locatorType: id
01/25/2024 03:57:40 PM - LoginPage - INFO: Clicked on element with locator: login locatorType: id
01/25/2024 03:57:40 PM - LoginPage - INFO: Element found with locator: //span[contains(text(),'Incorrect login details. Please try again.')] and  locatorType: xpath
01/25/2024 03:57:40 PM - LoginPage - INFO: Element Found
01/25/2024 03:57:40 PM - LoginPage - INFO: Element found with locator: //a[@href='/login'] and  locatorType: xpath
01/25/2024 03:57:41 PM - LoginPage - INFO: Cannot click on the element with locator: //a[@href='/login'] locatorType: xpath
01/25/2024 03:57:41 PM - LoginPage - INFO: Element found with locator: email and  locatorType: id
01/25/2024 03:57:41 PM - LoginPage - INFO: Element found with locator: login-password and  locatorType: id
01/25/2024 03:57:41 PM - LoginPage - INFO: Element found with locator: email and  locatorType: id
01/25/2024 03:57:41 PM - LoginPage - INFO: Sent data on element with locator: email locatorType: id
01/25/2024 03:57:41 PM - LoginPage - INFO: Element found with locator: login-password and  locatorType: id
01/25/2024 03:57:41 PM - LoginPage - INFO: Sent data on element with locator: login-password locatorType: id
01/25/2024 03:57:43 PM - LoginPage - INFO: Element found with locator: login and  locatorType: id
01/25/2024 03:57:43 PM - LoginPage - INFO: Clicked on element with locator: login locatorType: id
01/25/2024 03:57:43 PM - LoginPage - INFO: Element not found with locator: //span[contains(text(), 'My Account')] and  locatorType: xpath
01/25/2024 03:57:43 PM - LoginPage - INFO: Element not found
01/25/2024 03:59:13 PM - LoginPage - INFO: Element found with locator: //a[@href='/login'] and  locatorType: xpath
01/25/2024 03:59:17 PM - LoginPage - INFO: Clicked on element with locator: //a[@href='/login'] locatorType: xpath
01/25/2024 03:59:17 PM - LoginPage - INFO: Element found with locator: email and  locatorType: id
01/25/2024 03:59:17 PM - LoginPage - INFO: Element found with locator: login-password and  locatorType: id
01/25/2024 03:59:17 PM - LoginPage - INFO: Element found with locator: email and  locatorType: id
01/25/2024 03:59:17 PM - LoginPage - INFO: Sent data on element with locator: email locatorType: id
01/25/2024 03:59:17 PM - LoginPage - INFO: Element found with locator: login-password and  locatorType: id
01/25/2024 03:59:17 PM - LoginPage - INFO: Sent data on element with locator: login-password locatorType: id
01/25/2024 03:59:19 PM - LoginPage - INFO: Element found with locator: login and  locatorType: id
01/25/2024 03:59:20 PM - LoginPage - INFO: Clicked on element with locator: login locatorType: id
01/25/2024 03:59:20 PM - LoginPage - INFO: Element found with locator: //span[contains(text(),'Incorrect login details. Please try again.')] and  locatorType: xpath
01/25/2024 03:59:20 PM - LoginPage - INFO: Element Found
01/25/2024 03:59:22 PM - LoginPage - INFO: Element found with locator: //a[@href='/login'] and  locatorType: xpath
01/25/2024 03:59:24 PM - LoginPage - INFO: Clicked on element with locator: //a[@href='/login'] locatorType: xpath
01/25/2024 03:59:24 PM - LoginPage - INFO: Element found with locator: email and  locatorType: id
01/25/2024 03:59:24 PM - LoginPage - INFO: Element found with locator: login-password and  locatorType: id
01/25/2024 03:59:24 PM - LoginPage - INFO: Element found with locator: email and  locatorType: id
01/25/2024 03:59:24 PM - LoginPage - INFO: Sent data on element with locator: email locatorType: id
01/25/2024 03:59:25 PM - LoginPage - INFO: Element found with locator: login-password and  locatorType: id
01/25/2024 03:59:25 PM - LoginPage - INFO: Sent data on element with locator: login-password locatorType: id
01/25/2024 03:59:27 PM - LoginPage - INFO: Element found with locator: login and  locatorType: id
01/25/2024 03:59:27 PM - LoginPage - INFO: Clicked on element with locator: login locatorType: id
01/25/2024 03:59:30 PM - LoginPage - INFO: Element not found with locator: //span[contains(text(), 'My Account')] and  locatorType: xpath
01/25/2024 03:59:30 PM - LoginPage - INFO: Element not found
01/25/2024 04:01:07 PM - LoginPage - INFO: Element found with locator: //a[@href='/login'] and  locatorType: xpath
01/25/2024 04:01:12 PM - LoginPage - INFO: Clicked on element with locator: //a[@href='/login'] locatorType: xpath
01/25/2024 04:01:12 PM - LoginPage - INFO: Element found with locator: email and  locatorType: id
01/25/2024 04:01:14 PM - LoginPage - INFO: Element found with locator: //a[@href='/login'] and  locatorType: xpath
01/25/2024 04:01:17 PM - LoginPage - INFO: Clicked on element with locator: //a[@href='/login'] locatorType: xpath
01/25/2024 04:01:17 PM - LoginPage - INFO: Element found with locator: email and  locatorType: id
01/25/2024 04:01:17 PM - LoginPage - INFO: Element found with locator: login-password and  locatorType: id
01/25/2024 04:01:17 PM - LoginPage - INFO: Element found with locator: email and  locatorType: id
01/25/2024 04:01:17 PM - LoginPage - INFO: Sent data on element with locator: email locatorType: id
01/25/2024 04:01:17 PM - LoginPage - INFO: Element found with locator: login-password and  locatorType: id
01/25/2024 04:01:17 PM - LoginPage - INFO: Sent data on element with locator: login-password locatorType: id
01/25/2024 04:01:20 PM - LoginPage - INFO: Element found with locator: login and  locatorType: id
01/25/2024 04:01:20 PM - LoginPage - INFO: Clicked on element with locator: login locatorType: id
01/25/2024 04:01:26 PM - LoginPage - INFO: Element found with locator: //span[contains(text(), 'My Account')] and  locatorType: xpath
01/25/2024 04:01:26 PM - LoginPage - INFO: Element Found
01/25/2024 04:03:55 PM - LoginPage - INFO: Element not found with locator: //a[@href='/login'] and  locatorType: xpath
01/25/2024 04:03:55 PM - LoginPage - INFO: Cannot click on the element with locator: //a[@href='/login'] locatorType: xpath
01/25/2024 04:03:55 PM - LoginPage - INFO: Element not found with locator: email and  locatorType: id
01/25/2024 04:03:57 PM - LoginPage - INFO: Element not found with locator: //a[@href='/login'] and  locatorType: xpath
01/25/2024 04:03:57 PM - LoginPage - INFO: Cannot click on the element with locator: //a[@href='/login'] locatorType: xpath
01/25/2024 04:03:57 PM - LoginPage - INFO: Element not found with locator: email and  locatorType: id
01/25/2024 04:05:49 PM - LoginPage - INFO: Element not found with locator: //a[@href='/login'] and  locatorType: xpath
01/25/2024 04:05:49 PM - LoginPage - INFO: Cannot click on the element with locator: //a[@href='/login'] locatorType: xpath
01/25/2024 04:05:49 PM - LoginPage - INFO: Element not found with locator: email and  locatorType: id
01/25/2024 04:05:52 PM - LoginPage - INFO: Element not found with locator: //a[@href='/login'] and  locatorType: xpath
01/25/2024 04:05:52 PM - LoginPage - INFO: Cannot click on the element with locator: //a[@href='/login'] locatorType: xpath
01/25/2024 04:05:52 PM - LoginPage - INFO: Element not found with locator: email and  locatorType: id
01/25/2024 04:07:16 PM - LoginPage - INFO: Element found with locator: //a[@href='/login'] and  locatorType: xpath
01/25/2024 04:07:19 PM - LoginPage - INFO: Clicked on element with locator: //a[@href='/login'] locatorType: xpath
01/25/2024 04:07:19 PM - LoginPage - INFO: Element found with locator: email and  locatorType: id
01/25/2024 04:07:19 PM - LoginPage - INFO: Element found with locator: login-password and  locatorType: id
01/25/2024 04:07:19 PM - LoginPage - INFO: Element found with locator: email and  locatorType: id
01/25/2024 04:07:19 PM - LoginPage - INFO: Sent data on element with locator: email locatorType: id
01/25/2024 04:07:19 PM - LoginPage - INFO: Element found with locator: login-password and  locatorType: id
01/25/2024 04:07:19 PM - LoginPage - INFO: Sent data on element with locator: login-password locatorType: id
01/25/2024 04:07:21 PM - LoginPage - INFO: Element found with locator: login and  locatorType: id
01/25/2024 04:07:21 PM - LoginPage - INFO: Clicked on element with locator: login locatorType: id
01/25/2024 04:07:21 PM - LoginPage - INFO: Element found with locator: //span[contains(text(),'Incorrect login details. Please try again.')] and  locatorType: xpath
01/25/2024 04:07:21 PM - LoginPage - INFO: Element Found
01/25/2024 04:07:23 PM - LoginPage - INFO: Element found with locator: //a[@href='/login'] and  locatorType: xpath
01/25/2024 04:07:23 PM - LoginPage - INFO: Cannot click on the element with locator: //a[@href='/login'] locatorType: xpath
01/25/2024 04:07:23 PM - LoginPage - INFO: Element found with locator: email and  locatorType: id
01/25/2024 04:07:23 PM - LoginPage - INFO: Element found with locator: login-password and  locatorType: id
01/25/2024 04:07:23 PM - LoginPage - INFO: Element found with locator: email and  locatorType: id
01/25/2024 04:07:24 PM - LoginPage - INFO: Sent data on element with locator: email locatorType: id
01/25/2024 04:07:24 PM - LoginPage - INFO: Element found with locator: login-password and  locatorType: id
01/25/2024 04:07:24 PM - LoginPage - INFO: Sent data on element with locator: login-password locatorType: id
01/25/2024 04:07:26 PM - LoginPage - INFO: Element found with locator: login and  locatorType: id
01/25/2024 04:07:26 PM - LoginPage - INFO: Cannot click on the element with locator: login locatorType: id
01/25/2024 04:07:33 PM - LoginPage - INFO: Element not found with locator: //span[contains(text(), 'My Account')] and  locatorType: xpath
01/25/2024 04:07:33 PM - LoginPage - INFO: Element not found
01/25/2024 04:11:59 PM - LoginPage - INFO: Element found with locator: //a[@href='/login'] and  locatorType: xpath
01/25/2024 04:12:00 PM - LoginPage - INFO: Clicked on element with locator: //a[@href='/login'] locatorType: xpath
01/25/2024 04:12:00 PM - LoginPage - INFO: Element found with locator: email and  locatorType: id
01/25/2024 04:12:00 PM - LoginPage - INFO: Element found with locator: login-password and  locatorType: id
01/25/2024 04:12:00 PM - LoginPage - INFO: Element found with locator: email and  locatorType: id
01/25/2024 04:12:00 PM - LoginPage - INFO: Sent data on element with locator: email locatorType: id
01/25/2024 04:12:00 PM - LoginPage - INFO: Element found with locator: login-password and  locatorType: id
01/25/2024 04:12:00 PM - LoginPage - INFO: Sent data on element with locator: login-password locatorType: id
01/25/2024 04:12:02 PM - LoginPage - INFO: Element found with locator: login and  locatorType: id
01/25/2024 04:12:02 PM - LoginPage - INFO: Clicked on element with locator: login locatorType: id
01/25/2024 04:12:02 PM - LoginPage - INFO: Element found with locator: //span[contains(text(),'Incorrect login details. Please try again.')] and  locatorType: xpath
01/25/2024 04:12:02 PM - LoginPage - INFO: Element Found
01/25/2024 04:12:02 PM - LoginPage - INFO: Element found with locator: //a[@href='/login'] and  locatorType: xpath
01/25/2024 04:12:02 PM - LoginPage - INFO: Cannot click on the element with locator: //a[@href='/login'] locatorType: xpath
01/25/2024 04:12:02 PM - LoginPage - INFO: Element found with locator: email and  locatorType: id
01/25/2024 04:12:02 PM - LoginPage - INFO: Element found with locator: login-password and  locatorType: id
01/25/2024 04:12:02 PM - LoginPage - INFO: Element found with locator: email and  locatorType: id
01/25/2024 04:12:02 PM - LoginPage - INFO: Sent data on element with locator: email locatorType: id
01/25/2024 04:12:02 PM - LoginPage - INFO: Element found with locator: login-password and  locatorType: id
01/25/2024 04:12:02 PM - LoginPage - INFO: Sent data on element with locator: login-password locatorType: id
01/25/2024 04:12:04 PM - LoginPage - INFO: Element found with locator: login and  locatorType: id
01/25/2024 04:12:05 PM - LoginPage - INFO: Clicked on element with locator: login locatorType: id
01/25/2024 04:12:12 PM - LoginPage - INFO: Element not found with locator: //span[contains(text(), 'My Account')] and  locatorType: xpath
01/25/2024 04:12:12 PM - LoginPage - INFO: Element not found
01/25/2024 04:12:43 PM - LoginPage - INFO: Element found with locator: //a[@href='/login'] and  locatorType: xpath
01/25/2024 04:12:44 PM - LoginPage - INFO: Clicked on element with locator: //a[@href='/login'] locatorType: xpath
01/25/2024 04:12:44 PM - LoginPage - INFO: Element found with locator: email and  locatorType: id
01/25/2024 04:12:44 PM - LoginPage - INFO: Element found with locator: login-password and  locatorType: id
01/25/2024 04:12:44 PM - LoginPage - INFO: Element found with locator: email and  locatorType: id
01/25/2024 04:12:44 PM - LoginPage - INFO: Sent data on element with locator: email locatorType: id
01/25/2024 04:12:44 PM - LoginPage - INFO: Element found with locator: login-password and  locatorType: id
01/25/2024 04:12:44 PM - LoginPage - INFO: Sent data on element with locator: login-password locatorType: id
01/25/2024 04:12:46 PM - LoginPage - INFO: Element found with locator: login and  locatorType: id
01/25/2024 04:12:46 PM - LoginPage - INFO: Clicked on element with locator: login locatorType: id
01/25/2024 04:12:46 PM - LoginPage - INFO: Element found with locator: //span[contains(text(),'Incorrect login details. Please try again.')] and  locatorType: xpath
01/25/2024 04:12:46 PM - LoginPage - INFO: Element Found
01/25/2024 04:12:46 PM - LoginPage - INFO: Element found with locator: //a[@href='/login'] and  locatorType: xpath
01/25/2024 04:12:46 PM - LoginPage - INFO: Cannot click on the element with locator: //a[@href='/login'] locatorType: xpath
01/25/2024 04:12:46 PM - LoginPage - INFO: Element found with locator: email and  locatorType: id
01/25/2024 04:12:46 PM - LoginPage - INFO: Element found with locator: login-password and  locatorType: id
01/25/2024 04:12:46 PM - LoginPage - INFO: Element found with locator: email and  locatorType: id
01/25/2024 04:12:46 PM - LoginPage - INFO: Sent data on element with locator: email locatorType: id
01/25/2024 04:12:46 PM - LoginPage - INFO: Element found with locator: login-password and  locatorType: id
01/25/2024 04:12:46 PM - LoginPage - INFO: Sent data on element with locator: login-password locatorType: id
01/25/2024 04:12:48 PM - LoginPage - INFO: Element found with locator: login and  locatorType: id
01/25/2024 04:12:49 PM - LoginPage - INFO: Clicked on element with locator: login locatorType: id
01/25/2024 04:12:54 PM - LoginPage - INFO: Element not found with locator: //span[contains(text(), 'My Account')] and  locatorType: xpath
01/25/2024 04:12:54 PM - LoginPage - INFO: Element not found
01/25/2024 04:24:39 PM - LoginPage - INFO: Element found with locator: //a[@href='/login'] and  locatorType: xpath
01/25/2024 04:24:40 PM - LoginPage - INFO: Clicked on element with locator: //a[@href='/login'] locatorType: xpath
01/25/2024 04:24:40 PM - LoginPage - INFO: Element found with locator: email and  locatorType: id
01/25/2024 04:24:40 PM - LoginPage - INFO: Element found with locator: login-password and  locatorType: id
01/25/2024 04:24:40 PM - LoginPage - INFO: Element found with locator: email and  locatorType: id
01/25/2024 04:24:40 PM - LoginPage - INFO: Sent data on element with locator: email locatorType: id
01/25/2024 04:24:40 PM - LoginPage - INFO: Element found with locator: login-password and  locatorType: id
01/25/2024 04:24:40 PM - LoginPage - INFO: Sent data on element with locator: login-password locatorType: id
01/25/2024 04:24:42 PM - LoginPage - INFO: Element found with locator: login and  locatorType: id
01/25/2024 04:24:43 PM - LoginPage - INFO: Clicked on element with locator: login locatorType: id
01/25/2024 04:24:43 PM - LoginPage - INFO: Element found with locator: //span[contains(text(),'Incorrect login details. Please try again.')] and  locatorType: xpath
01/25/2024 04:24:43 PM - LoginPage - INFO: Element Found
01/25/2024 04:24:43 PM - LoginPage - INFO: Element found with locator: //a[@href='/login'] and  locatorType: xpath
01/25/2024 04:24:43 PM - LoginPage - INFO: Cannot click on the element with locator: //a[@href='/login'] locatorType: xpath
01/25/2024 04:24:43 PM - LoginPage - INFO: Element found with locator: email and  locatorType: id
01/25/2024 04:24:43 PM - LoginPage - INFO: Element found with locator: login-password and  locatorType: id
01/25/2024 04:24:43 PM - LoginPage - INFO: Element found with locator: email and  locatorType: id
01/25/2024 04:24:43 PM - LoginPage - INFO: Sent data on element with locator: email locatorType: id
01/25/2024 04:24:43 PM - LoginPage - INFO: Element found with locator: login-password and  locatorType: id
01/25/2024 04:24:43 PM - LoginPage - INFO: Sent data on element with locator: login-password locatorType: id
01/25/2024 04:24:45 PM - LoginPage - INFO: Element found with locator: login and  locatorType: id
01/25/2024 04:24:45 PM - LoginPage - INFO: Clicked on element with locator: login locatorType: id
01/25/2024 04:24:48 PM - LoginPage - INFO: Element found with locator: //span[contains(text(), 'My Account')] and  locatorType: xpath
01/25/2024 04:24:48 PM - LoginPage - INFO: Element Found
01/29/2024 10:43:44 AM - LoginPage - INFO: Element found with locator: //a[@href='/login'] and  locatorType: xpath
01/29/2024 10:43:45 AM - LoginPage - INFO: Clicked on element with locator: //a[@href='/login'] locatorType: xpath
01/29/2024 10:43:45 AM - LoginPage - INFO: Element found with locator: email and  locatorType: id
01/29/2024 10:43:45 AM - LoginPage - INFO: Element found with locator: login-password and  locatorType: id
01/29/2024 10:43:45 AM - LoginPage - INFO: Element found with locator: email and  locatorType: id
01/29/2024 10:43:45 AM - LoginPage - INFO: Sent data on element with locator: email locatorType: id
01/29/2024 10:43:45 AM - LoginPage - INFO: Element found with locator: login-password and  locatorType: id
01/29/2024 10:43:45 AM - LoginPage - INFO: Sent data on element with locator: login-password locatorType: id
01/29/2024 10:43:47 AM - LoginPage - INFO: Element found with locator: login and  locatorType: id
01/29/2024 10:43:47 AM - LoginPage - INFO: Clicked on element with locator: login locatorType: id
01/29/2024 10:43:47 AM - LoginPage - INFO: Element found with locator: //span[contains(text(),'Incorrect login details. Please try again.')] and  locatorType: xpath
01/29/2024 10:43:47 AM - LoginPage - INFO: Element Found
01/29/2024 10:43:47 AM - LoginPage - INFO: Element found with locator: //a[@href='/login'] and  locatorType: xpath
01/29/2024 10:43:47 AM - LoginPage - INFO: Cannot click on the element with locator: //a[@href='/login'] locatorType: xpath
01/29/2024 10:43:47 AM - LoginPage - INFO: Element found with locator: email and  locatorType: id
01/29/2024 10:43:47 AM - LoginPage - INFO: Element found with locator: login-password and  locatorType: id
01/29/2024 10:43:47 AM - LoginPage - INFO: Element found with locator: email and  locatorType: id
01/29/2024 10:43:47 AM - LoginPage - INFO: Sent data on element with locator: email locatorType: id
01/29/2024 10:43:47 AM - LoginPage - INFO: Element found with locator: login-password and  locatorType: id
01/29/2024 10:43:47 AM - LoginPage - INFO: Sent data on element with locator: login-password locatorType: id
01/29/2024 10:43:49 AM - LoginPage - INFO: Element found with locator: login and  locatorType: id
01/29/2024 10:43:50 AM - LoginPage - INFO: Clicked on element with locator: login locatorType: id
01/29/2024 10:45:14 AM - LoginPage - INFO: Element found with locator: //a[@href='/login'] and  locatorType: xpath
01/29/2024 10:45:14 AM - LoginPage - INFO: Clicked on element with locator: //a[@href='/login'] locatorType: xpath
01/29/2024 10:45:14 AM - LoginPage - INFO: Element found with locator: email and  locatorType: id
01/29/2024 10:45:15 AM - LoginPage - INFO: Element found with locator: login-password and  locatorType: id
01/29/2024 10:45:15 AM - LoginPage - INFO: Element found with locator: email and  locatorType: id
01/29/2024 10:45:15 AM - LoginPage - INFO: Sent data on element with locator: email locatorType: id
01/29/2024 10:45:15 AM - LoginPage - INFO: Element found with locator: login-password and  locatorType: id
01/29/2024 10:45:15 AM - LoginPage - INFO: Sent data on element with locator: login-password locatorType: id
01/29/2024 10:45:17 AM - LoginPage - INFO: Element found with locator: login and  locatorType: id
01/29/2024 10:45:17 AM - LoginPage - INFO: Clicked on element with locator: login locatorType: id
01/29/2024 10:45:17 AM - LoginPage - INFO: Element found with locator: //span[contains(text(),'Incorrect login details. Please try again.')] and  locatorType: xpath
01/29/2024 10:45:17 AM - LoginPage - INFO: Element Found
01/29/2024 10:45:17 AM - LoginPage - INFO: Element found with locator: //a[@href='/login'] and  locatorType: xpath
01/29/2024 10:45:17 AM - LoginPage - INFO: Cannot click on the element with locator: //a[@href='/login'] locatorType: xpath
01/29/2024 10:45:17 AM - LoginPage - INFO: Element found with locator: email and  locatorType: id
01/29/2024 10:45:17 AM - LoginPage - INFO: Element found with locator: login-password and  locatorType: id
01/29/2024 10:45:17 AM - LoginPage - INFO: Element found with locator: email and  locatorType: id
01/29/2024 10:45:17 AM - LoginPage - INFO: Sent data on element with locator: email locatorType: id
01/29/2024 10:45:17 AM - LoginPage - INFO: Element found with locator: login-password and  locatorType: id
01/29/2024 10:45:17 AM - LoginPage - INFO: Sent data on element with locator: login-password locatorType: id
01/29/2024 10:45:19 AM - LoginPage - INFO: Element found with locator: login and  locatorType: id
01/29/2024 10:45:20 AM - LoginPage - INFO: Clicked on element with locator: login locatorType: id
01/29/2024 10:45:42 AM - LoginPage - INFO: Element found with locator: //a[@href='/login'] and  locatorType: xpath
01/29/2024 10:45:42 AM - LoginPage - INFO: Clicked on element with locator: //a[@href='/login'] locatorType: xpath
01/29/2024 10:45:42 AM - LoginPage - INFO: Element found with locator: email and  locatorType: id
01/29/2024 10:45:43 AM - LoginPage - INFO: Element found with locator: login-password and  locatorType: id
01/29/2024 10:45:43 AM - LoginPage - INFO: Element found with locator: email and  locatorType: id
01/29/2024 10:45:43 AM - LoginPage - INFO: Sent data on element with locator: email locatorType: id
01/29/2024 10:45:43 AM - LoginPage - INFO: Element found with locator: login-password and  locatorType: id
01/29/2024 10:45:43 AM - LoginPage - INFO: Sent data on element with locator: login-password locatorType: id
01/29/2024 10:45:45 AM - LoginPage - INFO: Element found with locator: login and  locatorType: id
01/29/2024 10:45:45 AM - LoginPage - INFO: Clicked on element with locator: login locatorType: id
01/29/2024 10:45:45 AM - LoginPage - INFO: Element found with locator: //span[contains(text(),'Incorrect login details. Please try again.')] and  locatorType: xpath
01/29/2024 10:45:45 AM - LoginPage - INFO: Element Found
01/29/2024 10:45:45 AM - LoginPage - INFO: Element found with locator: //a[@href='/login'] and  locatorType: xpath
01/29/2024 10:45:45 AM - LoginPage - INFO: Cannot click on the element with locator: //a[@href='/login'] locatorType: xpath
01/29/2024 10:45:45 AM - LoginPage - INFO: Element found with locator: email and  locatorType: id
01/29/2024 10:45:45 AM - LoginPage - INFO: Element found with locator: login-password and  locatorType: id
01/29/2024 10:45:45 AM - LoginPage - INFO: Element found with locator: email and  locatorType: id
01/29/2024 10:45:45 AM - LoginPage - INFO: Sent data on element with locator: email locatorType: id
01/29/2024 10:45:45 AM - LoginPage - INFO: Element found with locator: login-password and  locatorType: id
01/29/2024 10:45:45 AM - LoginPage - INFO: Sent data on element with locator: login-password locatorType: id
01/29/2024 10:45:47 AM - LoginPage - INFO: Element found with locator: login and  locatorType: id
01/29/2024 10:45:47 AM - LoginPage - INFO: Clicked on element with locator: login locatorType: id
01/29/2024 10:46:11 AM - LoginPage - INFO: Element found with locator: //a[@href='/login'] and  locatorType: xpath
01/29/2024 10:46:12 AM - LoginPage - INFO: Clicked on element with locator: //a[@href='/login'] locatorType: xpath
01/29/2024 10:46:12 AM - LoginPage - INFO: Element found with locator: email and  locatorType: id
01/29/2024 10:46:12 AM - LoginPage - INFO: Element found with locator: login-password and  locatorType: id
01/29/2024 10:46:12 AM - LoginPage - INFO: Element found with locator: email and  locatorType: id
01/29/2024 10:46:12 AM - LoginPage - INFO: Sent data on element with locator: email locatorType: id
01/29/2024 10:46:12 AM - LoginPage - INFO: Element found with locator: login-password and  locatorType: id
01/29/2024 10:46:12 AM - LoginPage - INFO: Sent data on element with locator: login-password locatorType: id
01/29/2024 10:46:14 AM - LoginPage - INFO: Element found with locator: login and  locatorType: id
01/29/2024 10:46:14 AM - LoginPage - INFO: Clicked on element with locator: login locatorType: id
01/29/2024 10:46:14 AM - LoginPage - INFO: Element found with locator: //span[contains(text(),'Incorrect login details. Please try again.')] and  locatorType: xpath
01/29/2024 10:46:14 AM - LoginPage - INFO: Element Found
01/29/2024 10:46:14 AM - LoginPage - INFO: Element found with locator: //a[@href='/login'] and  locatorType: xpath
01/29/2024 10:46:14 AM - LoginPage - INFO: Cannot click on the element with locator: //a[@href='/login'] locatorType: xpath
01/29/2024 10:46:14 AM - LoginPage - INFO: Element found with locator: email and  locatorType: id
01/29/2024 10:46:14 AM - LoginPage - INFO: Element found with locator: login-password and  locatorType: id
01/29/2024 10:46:14 AM - LoginPage - INFO: Element found with locator: email and  locatorType: id
01/29/2024 10:46:14 AM - LoginPage - INFO: Sent data on element with locator: email locatorType: id
01/29/2024 10:46:14 AM - LoginPage - INFO: Element found with locator: login-password and  locatorType: id
01/29/2024 10:46:14 AM - LoginPage - INFO: Sent data on element with locator: login-password locatorType: id
01/29/2024 10:46:16 AM - LoginPage - INFO: Element found with locator: login and  locatorType: id
01/29/2024 10:46:17 AM - LoginPage - INFO: Clicked on element with locator: login locatorType: id
01/29/2024 10:48:17 AM - LoginPage - INFO: Element found with locator: //a[@href='/login'] and  locatorType: xpath
01/29/2024 10:48:17 AM - LoginPage - INFO: Clicked on element with locator: //a[@href='/login'] locatorType: xpath
01/29/2024 10:48:17 AM - LoginPage - INFO: Element found with locator: email and  locatorType: id
01/29/2024 10:48:17 AM - LoginPage - INFO: Element found with locator: login-password and  locatorType: id
01/29/2024 10:48:17 AM - LoginPage - INFO: Element found with locator: email and  locatorType: id
01/29/2024 10:48:17 AM - LoginPage - INFO: Sent data on element with locator: email locatorType: id
01/29/2024 10:48:17 AM - LoginPage - INFO: Element found with locator: login-password and  locatorType: id
01/29/2024 10:48:17 AM - LoginPage - INFO: Sent data on element with locator: login-password locatorType: id
01/29/2024 10:48:19 AM - LoginPage - INFO: Element found with locator: login and  locatorType: id
01/29/2024 10:48:20 AM - LoginPage - INFO: Clicked on element with locator: login locatorType: id
01/29/2024 10:48:20 AM - LoginPage - INFO: Element found with locator: //span[contains(text(),'Incorrect login details. Please try again.')] and  locatorType: xpath
01/29/2024 10:48:20 AM - LoginPage - INFO: Element Found
01/29/2024 10:48:20 AM - LoginPage - INFO: Element found with locator: //a[@href='/login'] and  locatorType: xpath
01/29/2024 10:48:20 AM - LoginPage - INFO: Cannot click on the element with locator: //a[@href='/login'] locatorType: xpath
01/29/2024 10:48:20 AM - LoginPage - INFO: Element found with locator: email and  locatorType: id
01/29/2024 10:48:20 AM - LoginPage - INFO: Element found with locator: login-password and  locatorType: id
01/29/2024 10:48:20 AM - LoginPage - INFO: Element found with locator: email and  locatorType: id
01/29/2024 10:48:20 AM - LoginPage - INFO: Sent data on element with locator: email locatorType: id
01/29/2024 10:48:20 AM - LoginPage - INFO: Element found with locator: login-password and  locatorType: id
01/29/2024 10:48:20 AM - LoginPage - INFO: Sent data on element with locator: login-password locatorType: id
01/29/2024 10:48:22 AM - LoginPage - INFO: Element found with locator: login and  locatorType: id
01/29/2024 10:48:22 AM - LoginPage - INFO: Clicked on element with locator: login locatorType: id
01/29/2024 10:49:02 AM - LoginPage - INFO: Element found with locator: //a[@href='/login'] and  locatorType: xpath
01/29/2024 10:49:02 AM - LoginPage - INFO: Clicked on element with locator: //a[@href='/login'] locatorType: xpath
01/29/2024 10:49:02 AM - LoginPage - INFO: Element found with locator: email and  locatorType: id
01/29/2024 10:49:02 AM - LoginPage - INFO: Element found with locator: login-password and  locatorType: id
01/29/2024 10:49:02 AM - LoginPage - INFO: Element found with locator: email and  locatorType: id
01/29/2024 10:49:02 AM - LoginPage - INFO: Sent data on element with locator: email locatorType: id
01/29/2024 10:49:02 AM - LoginPage - INFO: Element found with locator: login-password and  locatorType: id
01/29/2024 10:49:03 AM - LoginPage - INFO: Sent data on element with locator: login-password locatorType: id
01/29/2024 10:49:03 AM - LoginPage - INFO: Element found with locator: login and  locatorType: id
01/29/2024 10:49:03 AM - LoginPage - INFO: Clicked on element with locator: login locatorType: id
01/29/2024 10:49:03 AM - LoginPage - INFO: Element found with locator: //span[contains(text(),'Incorrect login details. Please try again.')] and  locatorType: xpath
01/29/2024 10:49:03 AM - LoginPage - INFO: Element Found
01/29/2024 10:49:03 AM - LoginPage - INFO: Element found with locator: //a[@href='/login'] and  locatorType: xpath
01/29/2024 10:49:03 AM - LoginPage - INFO: Cannot click on the element with locator: //a[@href='/login'] locatorType: xpath
01/29/2024 10:49:03 AM - LoginPage - INFO: Element found with locator: email and  locatorType: id
01/29/2024 10:49:03 AM - LoginPage - INFO: Element found with locator: login-password and  locatorType: id
01/29/2024 10:49:03 AM - LoginPage - INFO: Element found with locator: email and  locatorType: id
01/29/2024 10:49:03 AM - LoginPage - INFO: Sent data on element with locator: email locatorType: id
01/29/2024 10:49:03 AM - LoginPage - INFO: Element found with locator: login-password and  locatorType: id
01/29/2024 10:49:03 AM - LoginPage - INFO: Sent data on element with locator: login-password locatorType: id
01/29/2024 10:49:03 AM - LoginPage - INFO: Element found with locator: login and  locatorType: id
01/29/2024 10:49:03 AM - LoginPage - INFO: Cannot click on the element with locator: login locatorType: id
01/29/2024 10:49:41 AM - LoginPage - INFO: Element found with locator: //a[@href='/login'] and  locatorType: xpath
01/29/2024 10:49:42 AM - LoginPage - INFO: Clicked on element with locator: //a[@href='/login'] locatorType: xpath
01/29/2024 10:49:42 AM - LoginPage - INFO: Element found with locator: email and  locatorType: id
01/29/2024 10:49:42 AM - LoginPage - INFO: Element found with locator: login-password and  locatorType: id
01/29/2024 10:49:44 AM - LoginPage - INFO: Element found with locator: email and  locatorType: id
01/29/2024 10:49:44 AM - LoginPage - INFO: Sent data on element with locator: email locatorType: id
01/29/2024 10:49:44 AM - LoginPage - INFO: Element found with locator: login-password and  locatorType: id
01/29/2024 10:49:44 AM - LoginPage - INFO: Sent data on element with locator: login-password locatorType: id
01/29/2024 10:49:46 AM - LoginPage - INFO: Element found with locator: login and  locatorType: id
01/29/2024 10:49:46 AM - LoginPage - INFO: Clicked on element with locator: login locatorType: id
01/29/2024 10:49:48 AM - LoginPage - INFO: Element found with locator: //span[contains(text(),'Incorrect login details. Please try again.')] and  locatorType: xpath
01/29/2024 10:49:48 AM - LoginPage - INFO: Element Found
01/29/2024 10:49:48 AM - LoginPage - INFO: Element found with locator: //a[@href='/login'] and  locatorType: xpath
01/29/2024 10:49:50 AM - LoginPage - INFO: Clicked on element with locator: //a[@href='/login'] locatorType: xpath
01/29/2024 10:49:50 AM - LoginPage - INFO: Element found with locator: email and  locatorType: id
01/29/2024 10:49:50 AM - LoginPage - INFO: Element found with locator: login-password and  locatorType: id
01/29/2024 10:49:52 AM - LoginPage - INFO: Element found with locator: email and  locatorType: id
01/29/2024 10:49:52 AM - LoginPage - INFO: Sent data on element with locator: email locatorType: id
01/29/2024 10:49:52 AM - LoginPage - INFO: Element found with locator: login-password and  locatorType: id
01/29/2024 10:49:52 AM - LoginPage - INFO: Sent data on element with locator: login-password locatorType: id
01/29/2024 10:49:54 AM - LoginPage - INFO: Element found with locator: login and  locatorType: id
01/29/2024 10:49:54 AM - LoginPage - INFO: Clicked on element with locator: login locatorType: id
01/29/2024 10:49:59 AM - LoginPage - INFO: Element found with locator: //span[contains(text(), 'My Account')] and  locatorType: xpath
01/29/2024 10:49:59 AM - LoginPage - INFO: Element Found
01/29/2024 12:35:46 PM - LoginPage - INFO: Element found with locator: //a[@href='/login'] and  locatorType: xpath
01/29/2024 12:35:47 PM - LoginPage - INFO: Clicked on element with locator: //a[@href='/login'] locatorType: xpath
01/29/2024 12:35:47 PM - LoginPage - INFO: Element found with locator: email and  locatorType: id
01/29/2024 12:35:47 PM - LoginPage - INFO: Element found with locator: login-password and  locatorType: id
01/29/2024 12:35:49 PM - LoginPage - INFO: Element found with locator: email and  locatorType: id
01/29/2024 12:35:49 PM - LoginPage - INFO: Sent data on element with locator: email locatorType: id
01/29/2024 12:35:49 PM - LoginPage - INFO: Element found with locator: login-password and  locatorType: id
01/29/2024 12:35:49 PM - LoginPage - INFO: Sent data on element with locator: login-password locatorType: id
01/29/2024 12:35:51 PM - LoginPage - INFO: Element found with locator: login and  locatorType: id
01/29/2024 12:35:51 PM - LoginPage - INFO: Clicked on element with locator: login locatorType: id
01/29/2024 12:35:53 PM - LoginPage - INFO: Element found with locator: //span[contains(text(),'Incorrect login details. Please try again.')] and  locatorType: xpath
01/29/2024 12:35:53 PM - LoginPage - INFO: Element Found
01/29/2024 12:35:53 PM - LoginPage - INFO: Element found with locator: //a[@href='/login'] and  locatorType: xpath
01/29/2024 12:35:55 PM - LoginPage - INFO: Clicked on element with locator: //a[@href='/login'] locatorType: xpath
01/29/2024 12:35:55 PM - LoginPage - INFO: Element found with locator: email and  locatorType: id
01/29/2024 12:35:55 PM - LoginPage - INFO: Element found with locator: login-password and  locatorType: id
01/29/2024 12:35:57 PM - LoginPage - INFO: Element found with locator: email and  locatorType: id
01/29/2024 12:35:57 PM - LoginPage - INFO: Sent data on element with locator: email locatorType: id
01/29/2024 12:35:57 PM - LoginPage - INFO: Element found with locator: login-password and  locatorType: id
01/29/2024 12:35:57 PM - LoginPage - INFO: Sent data on element with locator: login-password locatorType: id
01/29/2024 12:35:59 PM - LoginPage - INFO: Element found with locator: login and  locatorType: id
01/29/2024 12:35:59 PM - LoginPage - INFO: Clicked on element with locator: login locatorType: id
01/29/2024 12:36:04 PM - TestStatus - INFO: ### VERIFICATION SUCCESSFUL :: + Title is incorrect
01/29/2024 12:36:04 PM - LoginPage - INFO: Element found with locator: //span[contains(text(), 'My Account')] and  locatorType: xpath
01/29/2024 12:36:04 PM - LoginPage - INFO: Element Found
01/29/2024 12:36:04 PM - TestStatus - INFO: ### VERIFICATION SUCCESSFUL :: + Login was not successful
01/29/2024 12:36:04 PM - TestStatus - INFO: test_validLogin ### TEST SUCCESSFUL
01/29/2024 12:46:29 PM - LoginPage - INFO: Element found with locator: //a[@href='/login'] and  locatorType: xpath
01/29/2024 12:46:30 PM - LoginPage - INFO: Clicked on element with locator: //a[@href='/login'] locatorType: xpath
01/29/2024 12:46:30 PM - LoginPage - INFO: Element found with locator: email and  locatorType: id
01/29/2024 12:46:30 PM - LoginPage - INFO: Element found with locator: login-password and  locatorType: id
01/29/2024 12:46:32 PM - LoginPage - INFO: Element found with locator: email and  locatorType: id
01/29/2024 12:46:32 PM - LoginPage - INFO: Sent data on element with locator: email locatorType: id
01/29/2024 12:46:32 PM - LoginPage - INFO: Element found with locator: login-password and  locatorType: id
01/29/2024 12:46:32 PM - LoginPage - INFO: Sent data on element with locator: login-password locatorType: id
01/29/2024 12:46:34 PM - LoginPage - INFO: Element found with locator: login and  locatorType: id
01/29/2024 12:46:34 PM - LoginPage - INFO: Clicked on element with locator: login locatorType: id
01/29/2024 12:46:36 PM - LoginPage - INFO: Element found with locator: //span[contains(text(),'Incorrect login details. Please try again.')] and  locatorType: xpath
01/29/2024 12:46:36 PM - LoginPage - INFO: Element Found
01/29/2024 12:46:37 PM - LoginPage - INFO: Element found with locator: //a[@href='/login'] and  locatorType: xpath
01/29/2024 12:46:38 PM - LoginPage - INFO: Clicked on element with locator: //a[@href='/login'] locatorType: xpath
01/29/2024 12:46:38 PM - LoginPage - INFO: Element found with locator: email and  locatorType: id
01/29/2024 12:46:38 PM - LoginPage - INFO: Element found with locator: login-password and  locatorType: id
01/29/2024 12:46:40 PM - LoginPage - INFO: Element found with locator: email and  locatorType: id
01/29/2024 12:46:40 PM - LoginPage - INFO: Sent data on element with locator: email locatorType: id
01/29/2024 12:46:40 PM - LoginPage - INFO: Element found with locator: login-password and  locatorType: id
01/29/2024 12:46:40 PM - LoginPage - INFO: Sent data on element with locator: login-password locatorType: id
01/29/2024 12:46:42 PM - LoginPage - INFO: Element found with locator: login and  locatorType: id
01/29/2024 12:46:42 PM - LoginPage - INFO: Clicked on element with locator: login locatorType: id
01/29/2024 12:46:47 PM - TestStatus - INFO: ### VERIFICATION SUCCESSFUL :: + Title is incorrect
01/29/2024 12:46:47 PM - LoginPage - INFO: Element found with locator: //span[contains(text(), 'My Account')] and  locatorType: xpath
01/29/2024 12:46:47 PM - LoginPage - INFO: Element Found
01/29/2024 12:46:47 PM - TestStatus - INFO: ### VERIFICATION SUCCESSFUL :: + Login was not successful
01/29/2024 12:46:47 PM - TestStatus - INFO: test_validLogin ### TEST SUCCESSFUL
01/29/2024 02:10:09 PM - LoginPage - INFO: Element found with locator: //a[@href='/login'] and  locatorType: xpath
01/29/2024 02:10:10 PM - LoginPage - INFO: Clicked on element with locator: //a[@href='/login'] locatorType: xpath
01/29/2024 02:10:10 PM - LoginPage - INFO: Element found with locator: email and  locatorType: id
01/29/2024 02:10:10 PM - LoginPage - INFO: Element found with locator: login-password and  locatorType: id
01/29/2024 02:10:12 PM - LoginPage - INFO: Element found with locator: email and  locatorType: id
01/29/2024 02:10:12 PM - LoginPage - INFO: Sent data on element with locator: email locatorType: id
01/29/2024 02:10:12 PM - LoginPage - INFO: Element found with locator: login-password and  locatorType: id
01/29/2024 02:10:12 PM - LoginPage - INFO: Sent data on element with locator: login-password locatorType: id
01/29/2024 02:10:14 PM - LoginPage - INFO: Element found with locator: login and  locatorType: id
01/29/2024 02:10:14 PM - LoginPage - INFO: Clicked on element with locator: login locatorType: id
01/29/2024 02:10:16 PM - LoginPage - INFO: Element found with locator: //span[contains(text(),'Incorrect login details. Please try again.')] and  locatorType: xpath
01/29/2024 02:10:16 PM - LoginPage - INFO: Element Found
01/29/2024 02:10:16 PM - LoginPage - INFO: Element found with locator: //a[@href='/login'] and  locatorType: xpath
01/29/2024 02:10:17 PM - LoginPage - INFO: Clicked on element with locator: //a[@href='/login'] locatorType: xpath
01/29/2024 02:10:17 PM - LoginPage - INFO: Element found with locator: email and  locatorType: id
01/29/2024 02:10:17 PM - LoginPage - INFO: Element found with locator: login-password and  locatorType: id
01/29/2024 02:10:20 PM - LoginPage - INFO: Element found with locator: email and  locatorType: id
01/29/2024 02:10:20 PM - LoginPage - INFO: Sent data on element with locator: email locatorType: id
01/29/2024 02:10:20 PM - LoginPage - INFO: Element found with locator: login-password and  locatorType: id
01/29/2024 02:10:20 PM - LoginPage - INFO: Sent data on element with locator: login-password locatorType: id
01/29/2024 02:10:22 PM - LoginPage - INFO: Element found with locator: login and  locatorType: id
01/29/2024 02:10:22 PM - LoginPage - INFO: Clicked on element with locator: login locatorType: id
01/29/2024 02:10:27 PM - TestStatus - INFO: ### VERIFICATION SUCCESSFUL :: + Title is incorrect
01/29/2024 02:10:27 PM - LoginPage - INFO: Element found with locator: //span[contains(text(), 'My Account')] and  locatorType: xpath
01/29/2024 02:10:27 PM - LoginPage - INFO: Element Found
01/29/2024 02:10:27 PM - TestStatus - INFO: ### VERIFICATION SUCCESSFUL :: + Login was not successful
01/29/2024 02:10:27 PM - TestStatus - INFO: test_validLogin ### TEST SUCCESSFUL
01/29/2024 02:10:59 PM - LoginPage - INFO: Element found with locator: //a[@href='/login'] and  locatorType: xpath
01/29/2024 02:10:59 PM - LoginPage - INFO: Clicked on element with locator: //a[@href='/login'] locatorType: xpath
01/29/2024 02:10:59 PM - LoginPage - INFO: Element found with locator: email and  locatorType: id
01/29/2024 02:10:59 PM - LoginPage - INFO: Element found with locator: login-password and  locatorType: id
01/29/2024 02:11:02 PM - LoginPage - INFO: Element found with locator: email and  locatorType: id
01/29/2024 02:11:02 PM - LoginPage - INFO: Sent data on element with locator: email locatorType: id
01/29/2024 02:11:02 PM - LoginPage - INFO: Element found with locator: login-password and  locatorType: id
01/29/2024 02:11:02 PM - LoginPage - INFO: Sent data on element with locator: login-password locatorType: id
01/29/2024 02:11:04 PM - LoginPage - INFO: Element found with locator: login and  locatorType: id
01/29/2024 02:11:04 PM - LoginPage - INFO: Clicked on element with locator: login locatorType: id
01/29/2024 02:11:06 PM - LoginPage - INFO: Element found with locator: //span[contains(text(),'Incorrect login details. Please try again.')] and  locatorType: xpath
01/29/2024 02:11:06 PM - LoginPage - INFO: Element Found
01/29/2024 02:11:06 PM - LoginPage - INFO: Element found with locator: //a[@href='/login'] and  locatorType: xpath
01/29/2024 02:11:07 PM - LoginPage - INFO: Clicked on element with locator: //a[@href='/login'] locatorType: xpath
01/29/2024 02:11:07 PM - LoginPage - INFO: Element found with locator: email and  locatorType: id
01/29/2024 02:11:07 PM - LoginPage - INFO: Element found with locator: login-password and  locatorType: id
01/29/2024 02:11:09 PM - LoginPage - INFO: Element found with locator: email and  locatorType: id
01/29/2024 02:11:09 PM - LoginPage - INFO: Sent data on element with locator: email locatorType: id
01/29/2024 02:11:09 PM - LoginPage - INFO: Element found with locator: login-password and  locatorType: id
01/29/2024 02:11:09 PM - LoginPage - INFO: Sent data on element with locator: login-password locatorType: id
01/29/2024 02:11:11 PM - LoginPage - INFO: Element found with locator: login and  locatorType: id
01/29/2024 02:11:11 PM - LoginPage - INFO: Clicked on element with locator: login locatorType: id
01/29/2024 02:11:16 PM - TestStatus - ERROR: ### VERIFICATION FAILED :: + Title is incorrect
01/29/2024 02:11:16 PM - TestStatus - INFO: Screenshot save to directory: C:\Users\Abhay_Anand\PycharmProjects\letskodeit\base\../screenshots/Title is incorrect.1706517676759.png
01/29/2024 02:11:16 PM - LoginPage - INFO: Element found with locator: //span[contains(text(), 'My Account')] and  locatorType: xpath
01/29/2024 02:11:16 PM - LoginPage - INFO: Element Found
01/29/2024 02:11:16 PM - TestStatus - INFO: ### VERIFICATION SUCCESSFUL :: + Login was not successful
01/29/2024 02:11:16 PM - TestStatus - ERROR: test_validLogin ### TEST FAILED
01/29/2024 02:25:04 PM - LoginPage - INFO: Element found with locator: //a[@href='/login'] and  locatorType: xpath
01/29/2024 02:25:04 PM - LoginPage - INFO: Clicked on element with locator: //a[@href='/login'] locatorType: xpath
01/29/2024 02:25:04 PM - LoginPage - INFO: Element found with locator: email and  locatorType: id
01/29/2024 02:25:05 PM - LoginPage - INFO: Element found with locator: login-password and  locatorType: id
01/29/2024 02:25:07 PM - LoginPage - INFO: Element found with locator: email and  locatorType: id
01/29/2024 02:25:07 PM - LoginPage - INFO: Sent data on element with locator: email locatorType: id
01/29/2024 02:25:07 PM - LoginPage - INFO: Element found with locator: login-password and  locatorType: id
01/29/2024 02:25:07 PM - LoginPage - INFO: Sent data on element with locator: login-password locatorType: id
01/29/2024 02:25:09 PM - LoginPage - INFO: Element found with locator: login and  locatorType: id
01/29/2024 02:25:09 PM - LoginPage - INFO: Clicked on element with locator: login locatorType: id
01/29/2024 02:25:11 PM - LoginPage - INFO: Element found with locator: //span[contains(text(),'Incorrect login details. Please try again.')] and  locatorType: xpath
01/29/2024 02:25:11 PM - LoginPage - INFO: Element Found
01/29/2024 02:25:11 PM - LoginPage - INFO: Element found with locator: //a[@href='/login'] and  locatorType: xpath
01/29/2024 02:25:12 PM - LoginPage - INFO: Clicked on element with locator: //a[@href='/login'] locatorType: xpath
01/29/2024 02:25:12 PM - LoginPage - INFO: Element found with locator: email and  locatorType: id
01/29/2024 02:25:12 PM - LoginPage - INFO: Element found with locator: login-password and  locatorType: id
01/29/2024 02:25:15 PM - LoginPage - INFO: Element found with locator: email and  locatorType: id
01/29/2024 02:25:15 PM - LoginPage - INFO: Sent data on element with locator: email locatorType: id
01/29/2024 02:25:15 PM - LoginPage - INFO: Element found with locator: login-password and  locatorType: id
01/29/2024 02:25:15 PM - LoginPage - INFO: Sent data on element with locator: login-password locatorType: id
01/29/2024 02:25:17 PM - LoginPage - INFO: Element found with locator: login and  locatorType: id
01/29/2024 02:25:17 PM - LoginPage - INFO: Clicked on element with locator: login locatorType: id
01/29/2024 02:25:22 PM - Util - INFO: Actual Text From Application Web UI --> :: My Courses
01/29/2024 02:25:22 PM - Util - INFO: Expected Text From Application Web UI --> :: My Courses
01/29/2024 02:25:22 PM - Util - INFO: ### VERIFICATION CONTAINS !!!
01/29/2024 02:25:22 PM - TestStatus - INFO: ### VERIFICATION SUCCESSFUL :: + Title is incorrect
01/29/2024 02:25:22 PM - LoginPage - INFO: Element found with locator: //span[contains(text(), 'My Account')] and  locatorType: xpath
01/29/2024 02:25:22 PM - LoginPage - INFO: Element Found
01/29/2024 02:25:22 PM - TestStatus - INFO: ### VERIFICATION SUCCESSFUL :: + Login was not successful
01/29/2024 02:25:22 PM - TestStatus - INFO: test_validLogin ### TEST SUCCESSFUL
01/29/2024 02:34:49 PM - LoginPage - INFO: Element found with locator: //a[@href='/login'] and  locatorType: xpath
01/29/2024 02:34:49 PM - LoginPage - INFO: Clicked on element with locator: //a[@href='/login'] locatorType: xpath
01/29/2024 02:34:50 PM - LoginPage - INFO: Element found with locator: email and  locatorType: id
01/29/2024 02:34:50 PM - LoginPage - INFO: Element found with locator: login-password and  locatorType: id
01/29/2024 02:34:52 PM - LoginPage - INFO: Element found with locator: email and  locatorType: id
01/29/2024 02:34:52 PM - LoginPage - INFO: Sent data on element with locator: email locatorType: id
01/29/2024 02:34:52 PM - LoginPage - INFO: Element found with locator: login-password and  locatorType: id
01/29/2024 02:34:52 PM - LoginPage - INFO: Sent data on element with locator: login-password locatorType: id
01/29/2024 02:34:54 PM - LoginPage - INFO: Element found with locator: login and  locatorType: id
01/29/2024 02:34:54 PM - LoginPage - INFO: Clicked on element with locator: login locatorType: id
01/29/2024 02:35:06 PM - LoginPage - INFO: Element not found with locator: //a[@href='/login'] and  locatorType: xpath
01/29/2024 02:35:06 PM - LoginPage - INFO: Cannot click on the element with locator: //a[@href='/login'] locatorType: xpath
01/29/2024 02:35:06 PM - LoginPage - INFO: Element found with locator: email and  locatorType: id
01/29/2024 02:35:16 PM - LoginPage - INFO: Element not found with locator: //a[@href='/login'] and  locatorType: xpath
01/29/2024 02:35:16 PM - LoginPage - INFO: Cannot click on the element with locator: //a[@href='/login'] locatorType: xpath
01/29/2024 02:35:16 PM - LoginPage - INFO: Element not found with locator: email and  locatorType: id
01/29/2024 02:35:46 PM - LoginPage - INFO: Element found with locator: //a[@href='/login'] and  locatorType: xpath
01/29/2024 02:35:47 PM - LoginPage - INFO: Clicked on element with locator: //a[@href='/login'] locatorType: xpath
01/29/2024 02:35:47 PM - LoginPage - INFO: Element found with locator: email and  locatorType: id
01/29/2024 02:35:47 PM - LoginPage - INFO: Element found with locator: login-password and  locatorType: id
01/29/2024 02:35:49 PM - LoginPage - INFO: Element found with locator: email and  locatorType: id
01/29/2024 02:35:49 PM - LoginPage - INFO: Sent data on element with locator: email locatorType: id
01/29/2024 02:35:49 PM - LoginPage - INFO: Element found with locator: login-password and  locatorType: id
01/29/2024 02:35:49 PM - LoginPage - INFO: Sent data on element with locator: login-password locatorType: id
01/29/2024 02:35:51 PM - LoginPage - INFO: Element found with locator: login and  locatorType: id
01/29/2024 02:35:52 PM - LoginPage - INFO: Clicked on element with locator: login locatorType: id
01/29/2024 02:35:54 PM - LoginPage - INFO: Element found with locator: //span[contains(text(),'Incorrect login details. Please try again.')] and  locatorType: xpath
01/29/2024 02:35:54 PM - LoginPage - INFO: Element Found
01/29/2024 02:35:54 PM - LoginPage - INFO: Element found with locator: //a[@href='/login'] and  locatorType: xpath
01/29/2024 02:35:54 PM - LoginPage - INFO: Clicked on element with locator: //a[@href='/login'] locatorType: xpath
01/29/2024 02:35:54 PM - LoginPage - INFO: Element found with locator: email and  locatorType: id
01/29/2024 02:35:54 PM - LoginPage - INFO: Element found with locator: login-password and  locatorType: id
01/29/2024 02:35:56 PM - LoginPage - INFO: Element found with locator: email and  locatorType: id
01/29/2024 02:35:56 PM - LoginPage - INFO: Sent data on element with locator: email locatorType: id
01/29/2024 02:35:56 PM - LoginPage - INFO: Element found with locator: login-password and  locatorType: id
01/29/2024 02:35:57 PM - LoginPage - INFO: Sent data on element with locator: login-password locatorType: id
01/29/2024 02:35:59 PM - LoginPage - INFO: Element found with locator: login and  locatorType: id
01/29/2024 02:35:59 PM - LoginPage - INFO: Clicked on element with locator: login locatorType: id
01/29/2024 02:36:04 PM - Util - INFO: Actual Text From Application Web UI --> :: My Courses
01/29/2024 02:36:04 PM - Util - INFO: Expected Text From Application Web UI --> :: My Courses
01/29/2024 02:36:04 PM - Util - INFO: ### VERIFICATION CONTAINS !!!
01/29/2024 02:36:04 PM - TestStatus - INFO: ### VERIFICATION SUCCESSFUL :: + Title is incorrect
01/29/2024 02:36:04 PM - LoginPage - INFO: Element found with locator: //span[contains(text(), 'My Account')] and  locatorType: xpath
01/29/2024 02:36:04 PM - LoginPage - INFO: Element Found
01/29/2024 02:36:04 PM - TestStatus - INFO: ### VERIFICATION SUCCESSFUL :: + Login was not successful
01/29/2024 02:36:04 PM - TestStatus - INFO: test_validLogin ### TEST SUCCESSFUL
